<?xml version="1.0" encoding="UTF-8"?>
<testsuites>
    <testsuite name="logging-in-to-einstein-exchange;log-out-from-dashboard" tests="3" failures="0" skipped="0">
        <properties>
            <property name="@logout" value="true">
            </property>
            <property name="URI" value="/Users/misty/Post-Bootcamp/einstein/features/einstein-login.feature">
            </property>
        </properties>
        <testcase name="Given that I am logged in" classname="logging-in-to-einstein-exchange;log-out-from-dashboard" time="11.301986968">
        </testcase>
        <testcase name="When I select sign out from the dropdown menu" classname="logging-in-to-einstein-exchange;log-out-from-dashboard" time="1.80511858">
        </testcase>
        <testcase name="Then I should be redirected to the home page" classname="logging-in-to-einstein-exchange;log-out-from-dashboard" time="0.023361374">
        </testcase>
    </testsuite>
</testsuites>